#
# A fatal error has been detected by the Java Runtime Environment:
#
#  EXCEPTION_ACCESS_VIOLATION (0xc0000005) at pc=0x0000000056be8855, pid=9444, tid=5916
#
# JRE version: Java(TM) SE Runtime Environment (8.0_65-b17) (build 1.8.0_65-b17)
# Java VM: Java HotSpot(TM) 64-Bit Server VM (25.65-b01 mixed mode windows-amd64 compressed oops)
# Problematic frame:
# V  [jvm.dll+0x128855]
#
# Failed to write core dump. Minidumps are not enabled by default on client versions of Windows
#
# If you would like to submit a bug report, please visit:
#   http://bugreport.java.com/bugreport/crash.jsp
#

---------------  T H R E A D  ---------------

Current thread (0x0000000059128000):  JavaThread "JDWP Transport Listener: dt_socket" daemon [_thread_in_vm, id=5916, stack(0x00000000597c0000,0x00000000598c0000)]

siginfo: ExceptionCode=0xc0000005, reading address 0x0000000059656369

Registers:
RAX=0x00000000598bf501, RBX=0x0000000059128000, RCX=0x0000000059656369, RDX=0x0000000000000000
RSP=0x00000000598bf4f0, RBP=0x0000000059656369, RSI=0x00000000598bf608, RDI=0x0000000001ca9cb0
R8 =0x0000000059128000, R9 =0x00000342002c000b, R10=0x0000000000000000, R11=0x00000000598bf7fc
R12=0x0000000000000000, R13=0x0000000059128c58, R14=0x0000000000000000, R15=0x0000000000000000
RIP=0x0000000056be8855, EFLAGS=0x0000000000010206

Top of Stack: (sp=0x00000000598bf4f0)
0x00000000598bf4f0:   0000000059128000 0000000059128000
0x00000000598bf500:   00000000598bf5b8 0000000056dee19b
0x00000000598bf510:   0000000059128000 0000000056e0a9fd
0x00000000598bf520:   0000000000000000 0000000071089155
0x00000000598bf530:   00000000591f5fb0 000000007109291e
0x00000000598bf540:   0000000059128000 0000000000000000
0x00000000598bf550:   0000000000000000 0000000000000000
0x00000000598bf560:   0000000059656369 0000000071091a15
0x00000000598bf570:   00000000598bf608 00000000598bf5e0
0x00000000598bf580:   0000000000000001 00000000591f5fb0
0x00000000598bf590:   0000000059656369 00000000710753b3
0x00000000598bf5a0:   00000000598bf6d0 0000000000000001
0x00000000598bf5b0:   0000000000000001 00000000591f5fb0
0x00000000598bf5c0:   0000000000000009 0000000000000000
0x00000000598bf5d0:   0000000000000000 0000000000000000
0x00000000598bf5e0:   0000000000000001 0000000071075571 

Instructions: (pc=0x0000000056be8855)
0x0000000056be8835:   cc cc cc cc cc cc cc cc cc cc cc 48 83 ec 28 48
0x0000000056be8845:   85 c9 75 07 33 c0 48 83 c4 28 c3 48 89 5c 24 20
0x0000000056be8855:   48 8b 19 48 85 db 74 20 48 83 fb 37 74 1a 48 8b
0x0000000056be8865:   13 48 8b cb ff 52 10 84 c0 74 0d 48 8b c3 48 8b 


Register to memory mapping:

RAX=0x00000000598bf501 is pointing into the stack for thread: 0x0000000059128000
RBX=0x0000000059128000 is a thread
RCX=0x0000000059656369 is pointing into the stack for thread: 0x0000000059120800
RDX=0x0000000000000000 is an unknown value
RSP=0x00000000598bf4f0 is pointing into the stack for thread: 0x0000000059128000
RBP=0x0000000059656369 is pointing into the stack for thread: 0x0000000059120800
RSI=0x00000000598bf608 is pointing into the stack for thread: 0x0000000059128000
RDI=0x0000000001ca9cb0 is an unknown value
R8 =0x0000000059128000 is a thread
R9 =0x00000342002c000b is an unknown value
R10=0x0000000000000000 is an unknown value
R11=0x00000000598bf7fc is pointing into the stack for thread: 0x0000000059128000
R12=0x0000000000000000 is an unknown value
R13=0x0000000059128c58 is an unknown value
R14=0x0000000000000000 is an unknown value
R15=0x0000000000000000 is an unknown value


Stack: [0x00000000597c0000,0x00000000598c0000],  sp=0x00000000598bf4f0,  free space=1021k
Native frames: (J=compiled Java code, j=interpreted, Vv=VM code, C=native code)
V  [jvm.dll+0x128855]
V  [jvm.dll+0x34a9fd]
C  [jdwp.dll+0x21a15]
C  [jdwp.dll+0x53b3]
C  [jdwp.dll+0x5571]
C  [jdwp.dll+0xf0a8]
C  [jdwp.dll+0x1f2d5]
C  [jdwp.dll+0x1f4aa]
V  [jvm.dll+0x1bb8f8]
V  [jvm.dll+0x243144]
V  [jvm.dll+0x299f7a]
C  [msvcr100.dll+0x21d9f]
C  [msvcr100.dll+0x21e3b]
C  [kernel32.dll+0x1652d]
C  [ntdll.dll+0x2c541]


---------------  P R O C E S S  ---------------

Java Threads: ( => current thread )
  0x00000000591be800 JavaThread "Service Thread" daemon [_thread_blocked, id=8020, stack(0x000000005a080000,0x000000005a180000)]
  0x000000005916b000 JavaThread "C1 CompilerThread2" daemon [_thread_blocked, id=8112, stack(0x0000000059e80000,0x0000000059f80000)]
  0x000000005914c800 JavaThread "C2 CompilerThread1" daemon [_thread_blocked, id=7376, stack(0x0000000059990000,0x0000000059a90000)]
  0x0000000059143800 JavaThread "C2 CompilerThread0" daemon [_thread_blocked, id=3204, stack(0x0000000059c70000,0x0000000059d70000)]
  0x0000000057d4f800 JavaThread "JDWP Command Reader" daemon [_thread_in_native, id=1124, stack(0x0000000059ad0000,0x0000000059bd0000)]
  0x0000000057d4b000 JavaThread "JDWP Event Helper Thread" daemon [_thread_blocked, id=2468, stack(0x0000000058d70000,0x0000000058e70000)]
=>0x0000000059128000 JavaThread "JDWP Transport Listener: dt_socket" daemon [_thread_in_vm, id=5916, stack(0x00000000597c0000,0x00000000598c0000)]
  0x0000000059120800 JavaThread "Attach Listener" daemon [_thread_blocked, id=2108, stack(0x0000000059650000,0x0000000059750000)]
  0x0000000057d45000 JavaThread "Signal Dispatcher" daemon [_thread_blocked, id=8552, stack(0x0000000059530000,0x0000000059630000)]
  0x0000000057ce8000 JavaThread "Finalizer" daemon [_thread_blocked, id=7184, stack(0x0000000059020000,0x0000000059120000)]
  0x0000000057ce1000 JavaThread "Reference Handler" daemon [_thread_blocked, id=6312, stack(0x0000000058ed0000,0x0000000058fd0000)]
  0x0000000002198000 JavaThread "main" [_thread_blocked, id=7296, stack(0x00000000022b0000,0x00000000023b0000)]

Other Threads:
  0x0000000057cdb000 VMThread [stack: 0x0000000058c30000,0x0000000058d30000] [id=5376]
  0x00000000591d1800 WatcherThread [stack: 0x000000005a1b0000,0x000000005a2b0000] [id=8624]

VM state:not at safepoint (normal execution)

VM Mutex/Monitor currently owned by a thread: None

Heap:
 PSYoungGen      total 38400K, used 3328K [0x00000000d5b00000, 0x00000000d8580000, 0x0000000100000000)
  eden space 33280K, 10% used [0x00000000d5b00000,0x00000000d5e40138,0x00000000d7b80000)
  from space 5120K, 0% used [0x00000000d8080000,0x00000000d8080000,0x00000000d8580000)
  to   space 5120K, 0% used [0x00000000d7b80000,0x00000000d7b80000,0x00000000d8080000)
 ParOldGen       total 87552K, used 0K [0x0000000081000000, 0x0000000086580000, 0x00000000d5b00000)
  object space 87552K, 0% used [0x0000000081000000,0x0000000081000000,0x0000000086580000)
 Metaspace       used 3601K, capacity 4612K, committed 4864K, reserved 1056768K
  class space    used 407K, capacity 428K, committed 512K, reserved 1048576K

Card table byte_map: [0x0000000011a40000,0x0000000011e40000] byte_map_base: 0x0000000011638000

Marking Bits: (ParMarkBitMap*) 0x00000000572ca5b0
 Begin Bits: [0x0000000012580000, 0x0000000014540000)
 End Bits:   [0x0000000014540000, 0x0000000016500000)

Polling page: 0x0000000000340000

CodeCache: size=245760Kb used=1196Kb max_used=1196Kb free=244563Kb
 bounds [0x0000000002680000, 0x00000000028f0000, 0x0000000011680000]
 total_blobs=315 nmethods=76 adapters=160
 compilation: enabled

Compilation events (10 events):
Event: 53.890 Thread 0x000000005916b000   72       3       java.util.ArrayList::ensureCapacityInternal (23 bytes)
Event: 53.890 Thread 0x000000005916b000 nmethod 72 0x00000000027a6390 code [0x00000000027a6520, 0x00000000027a6868]
Event: 53.890 Thread 0x000000005916b000   73       3       java.util.ArrayList::ensureExplicitCapacity (26 bytes)
Event: 53.891 Thread 0x000000005916b000 nmethod 73 0x00000000027a5f50 code [0x00000000027a60c0, 0x00000000027a62a8]
Event: 55.786 Thread 0x000000005916b000   74       3       java.util.ArrayList$SubList$1::hasNext (20 bytes)
Event: 55.786 Thread 0x000000005916b000 nmethod 74 0x00000000027a5b90 code [0x00000000027a5ce0, 0x00000000027a5eb0]
Event: 55.786 Thread 0x000000005916b000   75       3       java.util.ArrayList$SubList$1::next (79 bytes)
Event: 55.786 Thread 0x000000005916b000 nmethod 75 0x00000000027a51d0 code [0x00000000027a53a0, 0x00000000027a5868]
Event: 57.282 Thread 0x000000005916b000   76   !   3       java.io.BufferedReader::readLine (304 bytes)
Event: 57.283 Thread 0x000000005916b000 nmethod 76 0x00000000027a92d0 code [0x00000000027a9580, 0x00000000027aae68]

GC Heap History (0 events):
No events

Deoptimization events (0 events):
No events

Internal exceptions (6 events):
Event: 0.036 Thread 0x0000000002198000 Exception <a 'java/lang/NoSuchMethodError': Method sun.misc.Unsafe.defineClass(Ljava/lang/String;[BII)Ljava/lang/Class; name or signature does not match> (0x00000000d5b130c0) thrown at [C:\workspace\8-2-build-windows-amd64-cygwin\jdk8u65\4987\hotspot\src\s»%ã#†¢?
Event: 0.036 Thread 0x0000000002198000 Exception <a 'java/lang/NoSuchMethodError': Method sun.misc.Unsafe.prefetchRead(Ljava/lang/Object;J)V name or signature does not match> (0x00000000d5b133a8) thrown at [C:\workspace\8-2-build-windows-amd64-cygwin\jdk8u65\4987\hotspot\src\share\vm\prims\jni.3w<ÿ¼¶À?
Event: 0.131 Thread 0x0000000002198000 Exception <a 'java/security/PrivilegedActionException'> (0x00000000d5db8a50) thrown at [C:\workspace\8-2-build-windows-amd64-cygwin\jdk8u65\4987\hotspot\src\share\vm\prims\jvm.cpp, line 1386]
Event: 0.131 Thread 0x0000000002198000 Exception <a 'java/security/PrivilegedActionException'> (0x00000000d5db8e48) thrown at [C:\workspace\8-2-build-windows-amd64-cygwin\jdk8u65\4987\hotspot\src\share\vm\prims\jvm.cpp, line 1386]
Event: 0.131 Thread 0x0000000002198000 Exception <a 'java/security/PrivilegedActionException'> (0x00000000d5dbce78) thrown at [C:\workspace\8-2-build-windows-amd64-cygwin\jdk8u65\4987\hotspot\src\share\vm\prims\jvm.cpp, line 1386]
Event: 0.131 Thread 0x0000000002198000 Exception <a 'java/security/PrivilegedActionException'> (0x00000000d5dbd270) thrown at [C:\workspace\8-2-build-windows-amd64-cygwin\jdk8u65\4987\hotspot\src\share\vm\prims\jvm.cpp, line 1386]

Events (10 events):
Event: 3017.123 Executing VM operation: ChangeBreakpoints
Event: 3017.123 Executing VM operation: ChangeBreakpoints done
Event: 3017.127 Executing VM operation: ChangeBreakpoints
Event: 3017.127 Executing VM operation: ChangeBreakpoints done
Event: 3017.127 Executing VM operation: ChangeBreakpoints
Event: 3017.127 Executing VM operation: ChangeBreakpoints done
Event: 3017.128 Executing VM operation: ChangeBreakpoints
Event: 3017.128 Executing VM operation: ChangeBreakpoints done
Event: 3017.134 Executing VM operation: RedefineClasses
Event: 3017.134 Executing VM operation: RedefineClasses done


Dynamic libraries:
0x000000013fdb0000 - 0x000000013fde7000 	C:\Program Files\Java\jdk1.8.0_65\bin\java.exe
0x00000000775d0000 - 0x0000000077779000 	C:\Windows\SYSTEM32\ntdll.dll
0x00000000774b0000 - 0x00000000775cf000 	C:\Windows\system32\kernel32.dll
0x000007fefd620000 - 0x000007fefd68b000 	C:\Windows\system32\KERNELBASE.dll
0x000007fefe4d0000 - 0x000007fefe5ab000 	C:\Windows\system32\ADVAPI32.dll
0x000007fefed00000 - 0x000007fefed9f000 	C:\Windows\system32\msvcrt.dll
0x000007feff8c0000 - 0x000007feff8df000 	C:\Windows\SYSTEM32\sechost.dll
0x000007feff510000 - 0x000007feff63d000 	C:\Windows\system32\RPCRT4.dll
0x00000000773b0000 - 0x00000000774aa000 	C:\Windows\system32\USER32.dll
0x000007feff030000 - 0x000007feff097000 	C:\Windows\system32\GDI32.dll
0x000007feff500000 - 0x000007feff50e000 	C:\Windows\system32\LPK.dll
0x000007fefec30000 - 0x000007fefecf9000 	C:\Windows\system32\USP10.dll
0x000007fefbb80000 - 0x000007fefbd74000 	C:\Windows\WinSxS\amd64_microsoft.windows.common-controls_6595b64144ccf1df_6.0.7601.17514_none_fa396087175ac9ac\COMCTL32.dll
0x000007fefeda0000 - 0x000007fefee11000 	C:\Windows\system32\SHLWAPI.dll
0x000007fefe5b0000 - 0x000007fefe5de000 	C:\Windows\system32\IMM32.DLL
0x000007fefe6b0000 - 0x000007fefe7b9000 	C:\Windows\system32\MSCTF.dll
0x00000000710b0000 - 0x0000000071182000 	C:\Program Files\Java\jdk1.8.0_65\jre\bin\msvcr100.dll
0x0000000056ac0000 - 0x0000000057349000 	C:\Program Files\Java\jdk1.8.0_65\jre\bin\server\jvm.dll
0x000007fef9d70000 - 0x000007fef9d79000 	C:\Windows\system32\WSOCK32.dll
0x000007fefe660000 - 0x000007fefe6ad000 	C:\Windows\system32\WS2_32.dll
0x000007feff4f0000 - 0x000007feff4f8000 	C:\Windows\system32\NSI.dll
0x000007fefb6f0000 - 0x000007fefb72b000 	C:\Windows\system32\WINMM.dll
0x000007fefc450000 - 0x000007fefc45c000 	C:\Windows\system32\VERSION.dll
0x0000000077790000 - 0x0000000077797000 	C:\Windows\system32\PSAPI.DLL
0x0000000074f30000 - 0x0000000074f3f000 	C:\Program Files\Java\jdk1.8.0_65\jre\bin\verify.dll
0x0000000074f00000 - 0x0000000074f29000 	C:\Program Files\Java\jdk1.8.0_65\jre\bin\java.dll
0x0000000071070000 - 0x00000000710a5000 	C:\Program Files\Java\jdk1.8.0_65\jre\bin\jdwp.dll
0x0000000073f90000 - 0x0000000073f98000 	C:\Program Files\Java\jdk1.8.0_65\jre\bin\npt.dll
0x0000000073ff0000 - 0x0000000074006000 	C:\Program Files\Java\jdk1.8.0_65\jre\bin\zip.dll
0x000007fefd740000 - 0x000007fefe4c8000 	C:\Windows\system32\SHELL32.dll
0x000007fefee20000 - 0x000007feff023000 	C:\Windows\system32\ole32.dll
0x000007fefd380000 - 0x000007fefd38f000 	C:\Windows\system32\profapi.dll
0x0000000073fa0000 - 0x0000000073fa9000 	C:\Program Files\Java\jdk1.8.0_65\jre\bin\dt_socket.dll
0x000007fefcb60000 - 0x000007fefcbb5000 	C:\Windows\system32\mswsock.dll
0x000007fefc520000 - 0x000007fefc527000 	C:\Windows\System32\wshtcpip.dll
0x000007fef6fa0000 - 0x000007fef70c5000 	C:\Windows\system32\dbghelp.dll

VM Arguments:
jvm_args: -agentlib:jdwp=transport=dt_socket,address=127.0.0.1:49362,suspend=y,server=n -Dfile.encoding=UTF-8 
java_command: com.szachnowicz.HeldKarp_Implementation
java_class_path (initial): C:\Program Files\Java\jdk1.8.0_65\jre\lib\charsets.jar;C:\Program Files\Java\jdk1.8.0_65\jre\lib\deploy.jar;C:\Program Files\Java\jdk1.8.0_65\jre\lib\ext\access-bridge-64.jar;C:\Program Files\Java\jdk1.8.0_65\jre\lib\ext\cldrdata.jar;C:\Program Files\Java\jdk1.8.0_65\jre\lib\ext\dnsns.jar;C:\Program Files\Java\jdk1.8.0_65\jre\lib\ext\jaccess.jar;C:\Program Files\Java\jdk1.8.0_65\jre\lib\ext\jfxrt.jar;C:\Program Files\Java\jdk1.8.0_65\jre\lib\ext\localedata.jar;C:\Program Files\Java\jdk1.8.0_65\jre\lib\ext\nashorn.jar;C:\Program Files\Java\jdk1.8.0_65\jre\lib\ext\sunec.jar;C:\Program Files\Java\jdk1.8.0_65\jre\lib\ext\sunjce_provider.jar;C:\Program Files\Java\jdk1.8.0_65\jre\lib\ext\sunmscapi.jar;C:\Program Files\Java\jdk1.8.0_65\jre\lib\ext\sunpkcs11.jar;C:\Program Files\Java\jdk1.8.0_65\jre\lib\ext\zipfs.jar;C:\Program Files\Java\jdk1.8.0_65\jre\lib\javaws.jar;C:\Program Files\Java\jdk1.8.0_65\jre\lib\jce.jar;C:\Program Files\Java\jdk1.8.0_65\jre\lib\jfr.jar;C:\Program Files\Java\jdk1.8.0_65\jre\lib\jfxswt.jar;C:\Program Files\Java\jdk1.8.0_65\jre\lib\jsse.jar;C:\Program Files\Java\jdk1.8.0_65\jre\lib\management-agent.jar;C:\Program Files\Java\jdk1.8.0_65\jre\lib\plugin.jar;C:\Program Files\Java\jdk1.8.0_65\jre\lib\resources.jar;C:\Program Files\Java\jdk1.8.0_65\jre\lib\rt.jar;C:\Users\Sebastian\IdeaProjects\TravelSalesManMaven\target\classes;C:\Program Files\JetBrains\IntelliJ IDEA 2017.2.3\lib\idea_rt.jar
Launcher Type: SUN_STANDARD

Environment Variables:
JAVA_HOME=C:\Program Files\Java\jdk1.8.0_65
PATH=C:\Program Files\Common Files\Microsoft Shared\Windows Live;C:\ProgramData\Oracle\Java\javapath;C:\Windows\system32;C:\Windows;C:\Windows\System32\Wbem;C:\Windows\System32\WindowsPowerShell\v1.0\;C:\Program Files (x86)\NVIDIA Corporation\PhysX\Common;C:\Program Files (x86)\Windows Kits\8.1\Windows Performance Toolkit\;C:\Program Files (x86)\Skype\Phone\;C:\Program Files\Common Files\Microsoft Shared\Windows Live
USERNAME=Sebastian
OS=Windows_NT
PROCESSOR_IDENTIFIER=Intel64 Family 6 Model 60 Stepping 3, GenuineIntel



---------------  S Y S T E M  ---------------

OS: Windows 7 , 64 bit Build 7601 (6.1.7601.18015)

CPU:total 4 (4 cores per cpu, 1 threads per core) family 6 model 60 stepping 3, cmov, cx8, fxsr, mmx, sse, sse2, sse3, ssse3, sse4.1, sse4.2, popcnt, avx, avx2, aes, clmul, erms, rtm, lzcnt, tsc, tscinvbit, bmi1, bmi2

Memory: 4k page, physical 8322932k(2845752k free), swap 16644000k(7895768k free)

vm_info: Java HotSpot(TM) 64-Bit Server VM (25.65-b01) for windows-amd64 JRE (1.8.0_65-b17), built on Oct  6 2015 16:39:20 by "java_re" with MS VC++ 10.0 (VS2010)

time: Thu Nov 09 00:37:39 2017
elapsed time: 3017 seconds (0d 0h 50m 17s)

